2017/05/16 12:14:24 [error] [exception.CDbException] SQLSTATE[HY000] [1045] Access denied for user 'root'@'localhost' (using password: NO)
2017/05/16 12:14:24 [error] [exception.CDbException] CDbException: CDbConnection failed to open the DB connection. in /var/www/html/website-review/framework/db/CDbConnection.php:405
Stack trace:
#0 /var/www/html/website-review/framework/db/CDbConnection.php(347): CDbConnection->open()
#1 /var/www/html/website-review/framework/db/CDbConnection.php(325): CDbConnection->setActive(true)
#2 /var/www/html/website-review/framework/base/CModule.php(394): CDbConnection->init()
#3 /var/www/html/website-review/framework/base/CApplication.php(458): CModule->getComponent('db')
#4 /var/www/html/website-review/framework/db/ar/CActiveRecord.php(637): CApplication->getDb()
#5 /var/www/html/website-review/framework/db/ar/CActiveRecord.php(670): CActiveRecord->getDbConnection()
#6 /var/www/html/website-review/framework/db/ar/CActiveRecord.php(1474): CActiveRecord->getCommandBuilder()
#7 /var/www/html/website-review/framework/web/CActiveDataProvider.php(199): CActiveRecord->findAll(Object(CDbCriteria))
#8 /var/www/html/website-review/framework/web/CDataProvider.php(168): CActiveDataProvider->fetchData()
#9 /var/www/html/website-review/website_review/widgets/WebsiteList.php(30): CDataProvider->getData()
#10 /var/www/html/website-review/framework/web/CBaseController.php(169): WebsiteList->run()
#11 /var/www/html/website-review/website_review/controllers/SiteController.php(31): CBaseController->widget('application.wid...', Array, true)
#12 /var/www/html/website-review/framework/web/actions/CInlineAction.php(49): SiteController->actionIndex()
#13 /var/www/html/website-review/framework/web/CController.php(308): CInlineAction->runWithParams(Array)
#14 /var/www/html/website-review/framework/web/CController.php(286): CController->runAction(Object(CInlineAction))
#15 /var/www/html/website-review/framework/web/CController.php(265): CController->runActionWithFilters(Object(CInlineAction), Array)
#16 /var/www/html/website-review/framework/web/CWebApplication.php(282): CController->run('')
#17 /var/www/html/website-review/framework/web/CWebApplication.php(141): CWebApplication->runController('')
#18 /var/www/html/website-review/framework/base/CApplication.php(184): CWebApplication->processRequest()
#19 /var/www/html/website-review/index.php(17): CApplication->run()
#20 {main}
REQUEST_URI=/website-review/
---
2017/05/16 12:14:35 [error] [exception.CDbException] SQLSTATE[HY000] [1045] Access denied for user 'root'@'localhost' (using password: NO)
2017/05/16 12:14:35 [error] [exception.CDbException] CDbException: CDbConnection failed to open the DB connection. in /var/www/html/website-review/framework/db/CDbConnection.php:405
Stack trace:
#0 /var/www/html/website-review/framework/db/CDbConnection.php(347): CDbConnection->open()
#1 /var/www/html/website-review/framework/db/CDbConnection.php(325): CDbConnection->setActive(true)
#2 /var/www/html/website-review/framework/base/CModule.php(394): CDbConnection->init()
#3 /var/www/html/website-review/framework/base/CApplication.php(458): CModule->getComponent('db')
#4 /var/www/html/website-review/framework/db/ar/CActiveRecord.php(637): CApplication->getDb()
#5 /var/www/html/website-review/framework/db/ar/CActiveRecord.php(670): CActiveRecord->getDbConnection()
#6 /var/www/html/website-review/framework/db/ar/CActiveRecord.php(1474): CActiveRecord->getCommandBuilder()
#7 /var/www/html/website-review/framework/web/CActiveDataProvider.php(199): CActiveRecord->findAll(Object(CDbCriteria))
#8 /var/www/html/website-review/framework/web/CDataProvider.php(168): CActiveDataProvider->fetchData()
#9 /var/www/html/website-review/website_review/widgets/WebsiteList.php(30): CDataProvider->getData()
#10 /var/www/html/website-review/framework/web/CBaseController.php(169): WebsiteList->run()
#11 /var/www/html/website-review/website_review/controllers/SiteController.php(31): CBaseController->widget('application.wid...', Array, true)
#12 /var/www/html/website-review/framework/web/actions/CInlineAction.php(49): SiteController->actionIndex()
#13 /var/www/html/website-review/framework/web/CController.php(308): CInlineAction->runWithParams(Array)
#14 /var/www/html/website-review/framework/web/CController.php(286): CController->runAction(Object(CInlineAction))
#15 /var/www/html/website-review/framework/web/CController.php(265): CController->runActionWithFilters(Object(CInlineAction), Array)
#16 /var/www/html/website-review/framework/web/CWebApplication.php(282): CController->run('')
#17 /var/www/html/website-review/framework/web/CWebApplication.php(141): CWebApplication->runController('')
#18 /var/www/html/website-review/framework/base/CApplication.php(184): CWebApplication->processRequest()
#19 /var/www/html/website-review/index.php(17): CApplication->run()
#20 {main}
REQUEST_URI=/website-review/
HTTP_REFERER=http://localhost/website-review/
---
2017/05/16 12:14:36 [error] [exception.CDbException] SQLSTATE[HY000] [1045] Access denied for user 'root'@'localhost' (using password: NO)
2017/05/16 12:14:36 [error] [exception.CDbException] CDbException: CDbConnection failed to open the DB connection. in /var/www/html/website-review/framework/db/CDbConnection.php:405
Stack trace:
#0 /var/www/html/website-review/framework/db/CDbConnection.php(347): CDbConnection->open()
#1 /var/www/html/website-review/framework/db/CDbConnection.php(325): CDbConnection->setActive(true)
#2 /var/www/html/website-review/framework/base/CModule.php(394): CDbConnection->init()
#3 /var/www/html/website-review/framework/base/CApplication.php(458): CModule->getComponent('db')
#4 /var/www/html/website-review/framework/db/ar/CActiveRecord.php(637): CApplication->getDb()
#5 /var/www/html/website-review/framework/db/ar/CActiveRecord.php(113): CActiveRecord->getDbConnection()
#6 /var/www/html/website-review/website_review/models/Website.php(13): CActiveRecord->cache(18000)
#7 /var/www/html/website-review/website_review/controllers/RatingController.php(15): Website->total()
#8 /var/www/html/website-review/framework/web/actions/CInlineAction.php(49): RatingController->actionIndex()
#9 /var/www/html/website-review/framework/web/CController.php(308): CInlineAction->runWithParams(Array)
#10 /var/www/html/website-review/framework/web/CController.php(286): CController->runAction(Object(CInlineAction))
#11 /var/www/html/website-review/framework/web/CController.php(265): CController->runActionWithFilters(Object(CInlineAction), Array)
#12 /var/www/html/website-review/framework/web/CWebApplication.php(282): CController->run('index')
#13 /var/www/html/website-review/framework/web/CWebApplication.php(141): CWebApplication->runController('rating/index')
#14 /var/www/html/website-review/framework/base/CApplication.php(184): CWebApplication->processRequest()
#15 /var/www/html/website-review/index.php(17): CApplication->run()
#16 {main}
REQUEST_URI=/website-review/en/rating
HTTP_REFERER=http://localhost/website-review/
---
2017/05/16 12:14:40 [error] [exception.CDbException] SQLSTATE[HY000] [1045] Access denied for user 'root'@'localhost' (using password: NO)
2017/05/16 12:14:40 [error] [exception.CDbException] CDbException: CDbConnection failed to open the DB connection. in /var/www/html/website-review/framework/db/CDbConnection.php:405
Stack trace:
#0 /var/www/html/website-review/framework/db/CDbConnection.php(347): CDbConnection->open()
#1 /var/www/html/website-review/framework/db/CDbConnection.php(325): CDbConnection->setActive(true)
#2 /var/www/html/website-review/framework/base/CModule.php(394): CDbConnection->init()
#3 /var/www/html/website-review/framework/base/CApplication.php(458): CModule->getComponent('db')
#4 /var/www/html/website-review/framework/db/ar/CActiveRecord.php(637): CApplication->getDb()
#5 /var/www/html/website-review/framework/db/ar/CActiveRecord.php(670): CActiveRecord->getDbConnection()
#6 /var/www/html/website-review/framework/db/ar/CActiveRecord.php(1474): CActiveRecord->getCommandBuilder()
#7 /var/www/html/website-review/framework/web/CActiveDataProvider.php(199): CActiveRecord->findAll(Object(CDbCriteria))
#8 /var/www/html/website-review/framework/web/CDataProvider.php(168): CActiveDataProvider->fetchData()
#9 /var/www/html/website-review/website_review/widgets/WebsiteList.php(30): CDataProvider->getData()
#10 /var/www/html/website-review/framework/web/CBaseController.php(169): WebsiteList->run()
#11 /var/www/html/website-review/website_review/controllers/SiteController.php(31): CBaseController->widget('application.wid...', Array, true)
#12 /var/www/html/website-review/framework/web/actions/CInlineAction.php(49): SiteController->actionIndex()
#13 /var/www/html/website-review/framework/web/CController.php(308): CInlineAction->runWithParams(Array)
#14 /var/www/html/website-review/framework/web/CController.php(286): CController->runAction(Object(CInlineAction))
#15 /var/www/html/website-review/framework/web/CController.php(265): CController->runActionWithFilters(Object(CInlineAction), Array)
#16 /var/www/html/website-review/framework/web/CWebApplication.php(282): CController->run('')
#17 /var/www/html/website-review/framework/web/CWebApplication.php(141): CWebApplication->runController('')
#18 /var/www/html/website-review/framework/base/CApplication.php(184): CWebApplication->processRequest()
#19 /var/www/html/website-review/index.php(17): CApplication->run()
#20 {main}
REQUEST_URI=/website-review/
HTTP_REFERER=http://localhost/website-review/en/contact
---
2017/05/16 12:14:57 [error] [exception.CDbException] SQLSTATE[HY000] [1045] Access denied for user 'root'@'localhost' (using password: NO)
2017/05/16 12:14:57 [error] [exception.CDbException] CDbException: CDbConnection failed to open the DB connection. in /var/www/html/website-review/framework/db/CDbConnection.php:405
Stack trace:
#0 /var/www/html/website-review/framework/db/CDbConnection.php(347): CDbConnection->open()
#1 /var/www/html/website-review/framework/db/CDbConnection.php(325): CDbConnection->setActive(true)
#2 /var/www/html/website-review/framework/base/CModule.php(394): CDbConnection->init()
#3 /var/www/html/website-review/framework/base/CApplication.php(458): CModule->getComponent('db')
#4 /var/www/html/website-review/framework/db/ar/CActiveRecord.php(637): CApplication->getDb()
#5 /var/www/html/website-review/framework/db/ar/CActiveRecord.php(670): CActiveRecord->getDbConnection()
#6 /var/www/html/website-review/framework/db/ar/CActiveRecord.php(1474): CActiveRecord->getCommandBuilder()
#7 /var/www/html/website-review/framework/web/CActiveDataProvider.php(199): CActiveRecord->findAll(Object(CDbCriteria))
#8 /var/www/html/website-review/framework/web/CDataProvider.php(168): CActiveDataProvider->fetchData()
#9 /var/www/html/website-review/website_review/widgets/WebsiteList.php(30): CDataProvider->getData()
#10 /var/www/html/website-review/framework/web/CBaseController.php(169): WebsiteList->run()
#11 /var/www/html/website-review/website_review/controllers/SiteController.php(31): CBaseController->widget('application.wid...', Array, true)
#12 /var/www/html/website-review/framework/web/actions/CInlineAction.php(49): SiteController->actionIndex()
#13 /var/www/html/website-review/framework/web/CController.php(308): CInlineAction->runWithParams(Array)
#14 /var/www/html/website-review/framework/web/CController.php(286): CController->runAction(Object(CInlineAction))
#15 /var/www/html/website-review/framework/web/CController.php(265): CController->runActionWithFilters(Object(CInlineAction), Array)
#16 /var/www/html/website-review/framework/web/CWebApplication.php(282): CController->run('')
#17 /var/www/html/website-review/framework/web/CWebApplication.php(141): CWebApplication->runController('')
#18 /var/www/html/website-review/framework/base/CApplication.php(184): CWebApplication->processRequest()
#19 /var/www/html/website-review/index.php(17): CApplication->run()
#20 {main}
REQUEST_URI=/website-review/
HTTP_REFERER=http://localhost/website-review/en/contact
---
2017/05/16 12:14:59 [error] [exception.CDbException] SQLSTATE[HY000] [1045] Access denied for user 'root'@'localhost' (using password: NO)
2017/05/16 12:14:59 [error] [exception.CDbException] CDbException: CDbConnection failed to open the DB connection. in /var/www/html/website-review/framework/db/CDbConnection.php:405
Stack trace:
#0 /var/www/html/website-review/framework/db/CDbConnection.php(347): CDbConnection->open()
#1 /var/www/html/website-review/framework/db/CDbConnection.php(325): CDbConnection->setActive(true)
#2 /var/www/html/website-review/framework/base/CModule.php(394): CDbConnection->init()
#3 /var/www/html/website-review/framework/base/CApplication.php(458): CModule->getComponent('db')
#4 /var/www/html/website-review/framework/db/ar/CActiveRecord.php(637): CApplication->getDb()
#5 /var/www/html/website-review/framework/db/ar/CActiveRecord.php(670): CActiveRecord->getDbConnection()
#6 /var/www/html/website-review/framework/db/ar/CActiveRecord.php(1474): CActiveRecord->getCommandBuilder()
#7 /var/www/html/website-review/framework/web/CActiveDataProvider.php(199): CActiveRecord->findAll(Object(CDbCriteria))
#8 /var/www/html/website-review/framework/web/CDataProvider.php(168): CActiveDataProvider->fetchData()
#9 /var/www/html/website-review/website_review/widgets/WebsiteList.php(30): CDataProvider->getData()
#10 /var/www/html/website-review/framework/web/CBaseController.php(169): WebsiteList->run()
#11 /var/www/html/website-review/website_review/controllers/SiteController.php(31): CBaseController->widget('application.wid...', Array, true)
#12 /var/www/html/website-review/framework/web/actions/CInlineAction.php(49): SiteController->actionIndex()
#13 /var/www/html/website-review/framework/web/CController.php(308): CInlineAction->runWithParams(Array)
#14 /var/www/html/website-review/framework/web/CController.php(286): CController->runAction(Object(CInlineAction))
#15 /var/www/html/website-review/framework/web/CController.php(265): CController->runActionWithFilters(Object(CInlineAction), Array)
#16 /var/www/html/website-review/framework/web/CWebApplication.php(282): CController->run('')
#17 /var/www/html/website-review/framework/web/CWebApplication.php(141): CWebApplication->runController('')
#18 /var/www/html/website-review/framework/base/CApplication.php(184): CWebApplication->processRequest()
#19 /var/www/html/website-review/index.php(17): CApplication->run()
#20 {main}
REQUEST_URI=/website-review/
HTTP_REFERER=http://localhost/website-review/en/contact
---
2017/05/16 12:17:53 [error] [exception.CDbException] SQLSTATE[HY000] [1045] Access denied for user 'root'@'localhost' (using password: NO)
2017/05/16 12:17:53 [error] [exception.CDbException] CDbException: CDbConnection failed to open the DB connection. in /var/www/html/website-review/framework/db/CDbConnection.php:405
Stack trace:
#0 /var/www/html/website-review/framework/db/CDbConnection.php(347): CDbConnection->open()
#1 /var/www/html/website-review/framework/db/CDbConnection.php(325): CDbConnection->setActive(true)
#2 /var/www/html/website-review/framework/base/CModule.php(394): CDbConnection->init()
#3 /var/www/html/website-review/framework/base/CApplication.php(458): CModule->getComponent('db')
#4 /var/www/html/website-review/framework/db/ar/CActiveRecord.php(637): CApplication->getDb()
#5 /var/www/html/website-review/framework/db/ar/CActiveRecord.php(670): CActiveRecord->getDbConnection()
#6 /var/www/html/website-review/framework/db/ar/CActiveRecord.php(1474): CActiveRecord->getCommandBuilder()
#7 /var/www/html/website-review/framework/web/CActiveDataProvider.php(199): CActiveRecord->findAll(Object(CDbCriteria))
#8 /var/www/html/website-review/framework/web/CDataProvider.php(168): CActiveDataProvider->fetchData()
#9 /var/www/html/website-review/website_review/widgets/WebsiteList.php(30): CDataProvider->getData()
#10 /var/www/html/website-review/framework/web/CBaseController.php(169): WebsiteList->run()
#11 /var/www/html/website-review/website_review/controllers/SiteController.php(31): CBaseController->widget('application.wid...', Array, true)
#12 /var/www/html/website-review/framework/web/actions/CInlineAction.php(49): SiteController->actionIndex()
#13 /var/www/html/website-review/framework/web/CController.php(308): CInlineAction->runWithParams(Array)
#14 /var/www/html/website-review/framework/web/CController.php(286): CController->runAction(Object(CInlineAction))
#15 /var/www/html/website-review/framework/web/CController.php(265): CController->runActionWithFilters(Object(CInlineAction), Array)
#16 /var/www/html/website-review/framework/web/CWebApplication.php(282): CController->run('')
#17 /var/www/html/website-review/framework/web/CWebApplication.php(141): CWebApplication->runController('')
#18 /var/www/html/website-review/framework/base/CApplication.php(184): CWebApplication->processRequest()
#19 /var/www/html/website-review/index.php(17): CApplication->run()
#20 {main}
REQUEST_URI=/website-review/
HTTP_REFERER=http://localhost/website-review/en/contact
---
2017/05/16 12:19:55 [error] [php] Only variables should be passed by reference (/var/www/html/website-review/website_review/controllers/ParseController.php:64)
Stack trace:
#0 /var/www/html/website-review/framework/web/filters/CFilterChain.php(133): ParseController->runAction()
#1 /var/www/html/website-review/framework/web/CController.php(291): CFilterChain->run()
#2 /var/www/html/website-review/framework/web/CController.php(265): ParseController->runActionWithFilters()
#3 /var/www/html/website-review/framework/web/CWebApplication.php(282): ParseController->run()
#4 /var/www/html/website-review/framework/web/CWebApplication.php(141): CWebApplication->runController()
#5 /var/www/html/website-review/framework/base/CApplication.php(184): CWebApplication->processRequest()
#6 /var/www/html/website-review/index.php(17): CWebApplication->run()
REQUEST_URI=/website-review/parse/pagespeed/domain/laravel.com/language/en
2017/05/16 13:28:51 [error] [php] Only variables should be passed by reference (/var/www/html/website-review/website_review/controllers/ParseController.php:64)
Stack trace:
#0 /var/www/html/website-review/framework/web/filters/CFilterChain.php(133): ParseController->runAction()
#1 /var/www/html/website-review/framework/web/CController.php(291): CFilterChain->run()
#2 /var/www/html/website-review/framework/web/CController.php(265): ParseController->runActionWithFilters()
#3 /var/www/html/website-review/framework/web/CWebApplication.php(282): ParseController->run()
#4 /var/www/html/website-review/framework/web/CWebApplication.php(141): CWebApplication->runController()
#5 /var/www/html/website-review/framework/base/CApplication.php(184): CWebApplication->processRequest()
#6 /var/www/html/website-review/index.php(17): CWebApplication->run()
REQUEST_URI=/website-review/parse/pagespeed/domain/habile.in/language/en
2017/05/16 13:50:41 [error] [php] Only variables should be passed by reference (/var/www/html/website-review/website_review/controllers/ParseController.php:64)
Stack trace:
#0 /var/www/html/website-review/framework/web/filters/CFilterChain.php(133): ParseController->runAction()
#1 /var/www/html/website-review/framework/web/CController.php(291): CFilterChain->run()
#2 /var/www/html/website-review/framework/web/CController.php(265): ParseController->runActionWithFilters()
#3 /var/www/html/website-review/framework/web/CWebApplication.php(282): ParseController->run()
#4 /var/www/html/website-review/framework/web/CWebApplication.php(141): CWebApplication->runController()
#5 /var/www/html/website-review/framework/base/CApplication.php(184): CWebApplication->processRequest()
#6 /var/www/html/website-review/index.php(17): CWebApplication->run()
REQUEST_URI=/website-review/parse/pagespeed/domain/habile.in/language/en
2017/06/02 13:41:45 [error] [php] Only variables should be passed by reference (/var/www/html/website-review/website_review/controllers/ParseController.php:64)
Stack trace:
#0 /var/www/html/website-review/framework/web/filters/CFilterChain.php(133): ParseController->runAction()
#1 /var/www/html/website-review/framework/web/CController.php(291): CFilterChain->run()
#2 /var/www/html/website-review/framework/web/CController.php(265): ParseController->runActionWithFilters()
#3 /var/www/html/website-review/framework/web/CWebApplication.php(282): ParseController->run()
#4 /var/www/html/website-review/framework/web/CWebApplication.php(141): CWebApplication->runController()
#5 /var/www/html/website-review/framework/base/CApplication.php(184): CWebApplication->processRequest()
#6 /var/www/html/website-review/index.php(17): CWebApplication->run()
REQUEST_URI=/website-review/parse/pagespeed/domain/laravel.com/language/en
2017/06/23 10:13:09 [error] [php] Only variables should be passed by reference (/var/www/html/website-review/website_review/controllers/ParseController.php:64)
Stack trace:
#0 /var/www/html/website-review/framework/web/filters/CFilterChain.php(133): ParseController->runAction()
#1 /var/www/html/website-review/framework/web/CController.php(291): CFilterChain->run()
#2 /var/www/html/website-review/framework/web/CController.php(265): ParseController->runActionWithFilters()
#3 /var/www/html/website-review/framework/web/CWebApplication.php(282): ParseController->run()
#4 /var/www/html/website-review/framework/web/CWebApplication.php(141): CWebApplication->runController()
#5 /var/www/html/website-review/framework/base/CApplication.php(184): CWebApplication->processRequest()
#6 /var/www/html/website-review/index.php(17): CWebApplication->run()
REQUEST_URI=/website-review/parse/pagespeed/domain/web.com/language/en
